#
# A fatal error has been detected by the Java Runtime Environment:
#
#  EXCEPTION_ACCESS_VIOLATION (0xc0000005) at pc=0x0000000073721714, pid=21796, tid=0x00000000000025c4
#
# JRE version: OpenJDK Runtime Environment (8.0_192-b01) (build 1.8.0_192-b01)
# Java VM: OpenJDK 64-Bit Server VM (25.192-b01 mixed mode windows-amd64 compressed oops)
# Problematic frame:
# V  [jvm.dll+0xd1714]
#
# Failed to write core dump. Minidumps are not enabled by default on client versions of Windows
#
# If you would like to submit a bug report, please visit:
#   http://www.azulsystems.com/support/
#

---------------  T H R E A D  ---------------

Current thread (0x000000001e243000):  VMThread [stack: 0x000000001f8e0000,0x000000001f9e0000] [id=9668]

siginfo: ExceptionCode=0xc0000005, reading address 0x000000001c296df0

Registers:
RAX=0x000000000002b640, RBX=0x000000001c26a108, RCX=0x000000001c26b7a0, RDX=0x00000000000015b2
RSP=0x000000001f9def78, RBP=0x0000000000000000, RSI=0x000000001f9df260, RDI=0x000000001f9df260
R8 =0x0000000000000000, R9 =0x000000001c26a108, R10=0x00000000000015b2, R11=0x000000001c26aad0
R12=0x0000000000000001, R13=0x0000000000000001, R14=0x00000000000003d8, R15=0x000000001f9df080
RIP=0x0000000073721714, EFLAGS=0x0000000000010212

Top of Stack: (sp=0x000000001f9def78)
0x000000001f9def78:   00000000737297ac 000000001f9df260
0x000000001f9def88:   0000000002a7f750 0000eae038772475
0x000000001f9def98:   00000000736dd2be 000000001e487060
0x000000001f9defa8:   0000000073729c46 000000001f9df260
0x000000001f9defb8:   000000001f9df0d0 0000eae038772595
0x000000001f9defc8:   0000000073729dd5 000000001f9df090
0x000000001f9defd8:   0000000000000001 000000001f9df0a0
0x000000001f9defe8:   000000001f9df260 000000001f9df0d0
0x000000001f9deff8:   000000007372c9f0 0000000000000000
0x000000001f9df008:   0000000000000000 000000001f9df0a0
0x000000001f9df018:   0000000073729c5f 0000000000000000
0x000000001f9df028:   000000001f9df0d0 000000001f9df090
0x000000001f9df038:   0000000000000007 000000001c26ac28
0x000000001f9df048:   000000007372d54f 000000001f9df260
0x000000001f9df058:   000000001f9df0d0 000000001e487060
0x000000001f9df068:   000000001c26ac28 000000000000001c 

Instructions: (pc=0x0000000073721714)
0x00000000737216f4:   18 f7 d2 48 63 c2 48 c1 e0 05 48 8b 44 08 10 0f
0x0000000073721704:   b7 c0 41 0f b7 44 c1 52 c3 48 63 c2 48 c1 e0 05
0x0000000073721714:   48 8b 44 08 10 0f b7 d0 48 63 c2 41 0f b7 44 c1
0x0000000073721724:   52 c3 49 8b 41 08 48 63 ca 0f b6 44 08 04 3c 12 


Register to memory mapping:

RAX=0x000000000002b640 is an unknown value
RBX=0x000000001c26a108 is pointing into metadata
RCX=0x000000001c26b7a0 is pointing into metadata
RDX=0x00000000000015b2 is an unknown value
RSP=0x000000001f9def78 is an unknown value
RBP=0x0000000000000000 is an unknown value
RSI=0x000000001f9df260 is an unknown value
RDI=0x000000001f9df260 is an unknown value
R8 =0x0000000000000000 is an unknown value
R9 =0x000000001c26a108 is pointing into metadata
R10=0x00000000000015b2 is an unknown value
R11=0x000000001c26aad0 is pointing into metadata
R12=0x0000000000000001 is an unknown value
R13=0x0000000000000001 is an unknown value
R14=0x00000000000003d8 is an unknown value
R15=0x000000001f9df080 is an unknown value


Stack: [0x000000001f8e0000,0x000000001f9e0000],  sp=0x000000001f9def78,  free space=1019k
Native frames: (J=compiled Java code, j=interpreted, Vv=VM code, C=native code)

VM_Operation (0x000000001ff6f510): GetOrSetLocal, mode: safepoint, requested by thread 0x000000001e2e4800


---------------  P R O C E S S  ---------------

Java Threads: ( => current thread )
  0x000000001e497800 JavaThread "Service Thread" daemon [_thread_blocked, id=21816, stack(0x0000000020e70000,0x0000000020f70000)]
  0x000000001e42b800 JavaThread "C1 CompilerThread11" daemon [_thread_blocked, id=9092, stack(0x0000000020d70000,0x0000000020e70000)]
  0x000000001e42a800 JavaThread "C1 CompilerThread10" daemon [_thread_blocked, id=13872, stack(0x0000000020c70000,0x0000000020d70000)]
  0x000000001e428000 JavaThread "C1 CompilerThread9" daemon [_thread_blocked, id=22208, stack(0x0000000020b70000,0x0000000020c70000)]
  0x000000001e40f000 JavaThread "C1 CompilerThread8" daemon [_thread_blocked, id=23392, stack(0x0000000020a70000,0x0000000020b70000)]
  0x000000001e476000 JavaThread "C2 CompilerThread7" daemon [_thread_blocked, id=22416, stack(0x0000000020970000,0x0000000020a70000)]
  0x000000001e475800 JavaThread "C2 CompilerThread6" daemon [_thread_blocked, id=13812, stack(0x0000000020770000,0x0000000020870000)]
  0x000000001e474800 JavaThread "C2 CompilerThread5" daemon [_thread_blocked, id=12740, stack(0x0000000020670000,0x0000000020770000)]
  0x000000001e472000 JavaThread "C2 CompilerThread4" daemon [_thread_blocked, id=21324, stack(0x0000000020570000,0x0000000020670000)]
  0x000000001e3e7800 JavaThread "C2 CompilerThread3" daemon [_thread_blocked, id=17684, stack(0x0000000020470000,0x0000000020570000)]
  0x000000001e3e7000 JavaThread "C2 CompilerThread2" daemon [_thread_blocked, id=5520, stack(0x0000000020370000,0x0000000020470000)]
  0x000000001e436000 JavaThread "C2 CompilerThread1" daemon [_thread_blocked, id=8976, stack(0x0000000020270000,0x0000000020370000)]
  0x000000001e435000 JavaThread "C2 CompilerThread0" daemon [_thread_blocked, id=22932, stack(0x0000000020170000,0x0000000020270000)]
  0x000000001e2f6000 JavaThread "JDWP Command Reader" daemon [_thread_in_native, id=17876, stack(0x0000000020070000,0x0000000020170000)]
  0x000000001e2f1800 JavaThread "JDWP Event Helper Thread" daemon [_thread_blocked, id=4868, stack(0x000000001ff70000,0x0000000020070000)]
  0x000000001e2e4800 JavaThread "JDWP Transport Listener: dt_socket" daemon [_thread_blocked, id=3984, stack(0x000000001fe70000,0x000000001ff70000)]
  0x000000001e2dd000 JavaThread "Attach Listener" daemon [_thread_blocked, id=23480, stack(0x000000001fd70000,0x000000001fe70000)]
  0x000000001e2dc800 JavaThread "Signal Dispatcher" daemon [_thread_blocked, id=20720, stack(0x000000001fc70000,0x000000001fd70000)]
  0x000000001c806000 JavaThread "Finalizer" daemon [_thread_blocked, id=20928, stack(0x000000001fae0000,0x000000001fbe0000)]
  0x000000001e266000 JavaThread "Reference Handler" daemon [_thread_blocked, id=18100, stack(0x000000001f9e0000,0x000000001fae0000)]
  0x0000000002c62800 JavaThread "main" [_thread_blocked, id=8168, stack(0x0000000002980000,0x0000000002a80000)]

Other Threads:
=>0x000000001e243000 VMThread [stack: 0x000000001f8e0000,0x000000001f9e0000] [id=9668]
  0x000000001e3a3800 WatcherThread [stack: 0x0000000020f70000,0x0000000021070000] [id=13268]

VM state:at safepoint (normal execution)

VM Mutex/Monitor currently owned by a thread:  ([mutex/lock_event])
[0x0000000002b5e310] Threads_lock - owner thread: 0x000000001e243000

heap address: 0x00000006c9800000, size: 3944 MB, Compressed Oops mode: Zero based, Oop shift amount: 3
Narrow klass base: 0x0000000000000000, Narrow klass shift: 3
Compressed class space size: 1073741824 Address: 0x00000007c0000000

Heap:
 PSYoungGen      total 74240K, used 8969K [0x000000076dd80000, 0x0000000773000000, 0x00000007c0000000)
  eden space 64000K, 14% used [0x000000076dd80000,0x000000076e642580,0x0000000771c00000)
  from space 10240K, 0% used [0x0000000772600000,0x0000000772600000,0x0000000773000000)
  to   space 10240K, 0% used [0x0000000771c00000,0x0000000771c00000,0x0000000772600000)
 ParOldGen       total 169472K, used 0K [0x00000006c9800000, 0x00000006d3d80000, 0x000000076dd80000)
  object space 169472K, 0% used [0x00000006c9800000,0x00000006c9800000,0x00000006d3d80000)
 Metaspace       used 4904K, capacity 5042K, committed 5248K, reserved 1056768K
  class space    used 496K, capacity 529K, committed 640K, reserved 1048576K

Card table byte_map: [0x0000000012120000,0x00000000128e0000] byte_map_base: 0x000000000ead4000

Marking Bits: (ParMarkBitMap*) 0x0000000073e1cf50
 Begin Bits: [0x0000000013b10000, 0x00000000178b0000)
 End Bits:   [0x00000000178b0000, 0x000000001b650000)

Polling page: 0x0000000000d30000

CodeCache: size=245760Kb used=3081Kb max_used=3081Kb free=242678Kb
 bounds [0x0000000002d60000, 0x0000000003070000, 0x0000000011d60000]
 total_blobs=422 nmethods=136 adapters=206
 compilation: enabled

Compilation events (10 events):
Event: 296.413 Thread 0x000000001e40f000 nmethod 132 0x000000000305e4d0 code [0x000000000305e680, 0x000000000305ec10]
Event: 296.413 Thread 0x000000001e42a800 nmethod 133 0x000000000305f190 code [0x000000000305f340, 0x000000000305f8c8]
Event: 296.414 Thread 0x000000001e428000 nmethod 129 0x000000000305fad0 code [0x000000000305fcc0, 0x0000000003060758]
Event: 296.414 Thread 0x000000001e42b800 nmethod 131 0x0000000003060c10 code [0x0000000003060e00, 0x0000000003061978]
Event: 343.192 Thread 0x000000001e40f000  134       3       org.eclipse.jdt.launching.internal.org.objectweb.asm.Label::addLineNumber (89 bytes)
Event: 343.192 Thread 0x000000001e428000  135       3       org.eclipse.jdt.launching.internal.org.objectweb.asm.MethodWriter::visitLineNumber (50 bytes)
Event: 343.192 Thread 0x000000001e42b800  136       3       org.eclipse.jdt.launching.internal.org.objectweb.asm.ClassReader::readShort (27 bytes)
Event: 343.192 Thread 0x000000001e40f000 nmethod 134 0x0000000003061d90 code [0x0000000003061f20, 0x00000000030623c8]
Event: 343.192 Thread 0x000000001e42b800 nmethod 136 0x0000000003058710 code [0x0000000003058860, 0x0000000003058a10]
Event: 343.193 Thread 0x000000001e428000 nmethod 135 0x00000000030625d0 code [0x0000000003062760, 0x0000000003062b98]

GC Heap History (0 events):
No events

Deoptimization events (0 events):
No events

Classes redefined (4 events):
Event: 210.195 Thread 0x000000001e243000 redefined class name=ÏàòÏòÅÎåÄÌöåÍ≤∞ÏäπÏ†Ñ.Solution, count=1
Event: 231.198 Thread 0x000000001e243000 redefined class name=ÏàòÏòÅÎåÄÌöåÍ≤∞ÏäπÏ†Ñ.Solution, count=2
Event: 296.413 Thread 0x000000001e243000 redefined class name=ÏàòÏòÅÎåÄÌöåÍ≤∞ÏäπÏ†Ñ.Solution, count=3
Event: 343.193 Thread 0x000000001e243000 redefined class name=ÏàòÏòÅÎåÄÌöåÍ≤∞ÏäπÏ†Ñ.Solution, count=4

Internal exceptions (2 events):
Event: 0.024 Thread 0x0000000002c62800 Exception <a 'java/lang/NoSuchMethodError': Method sun.misc.Unsafe.defineClass(Ljava/lang/String;[BII)Ljava/lang/Class; name or signature does not match> (0x000000076dd87cb0) thrown at [C:\jenkins\workspace\zulu8-silver-build-win64\zulu-src\hotspot\src\sh
Event: 0.024 Thread 0x0000000002c62800 Exception <a 'java/lang/NoSuchMethodError': Method sun.misc.Unsafe.prefetchRead(Ljava/lang/Object;J)V name or signature does not match> (0x000000076dd87f98) thrown at [C:\jenkins\workspace\zulu8-silver-build-win64\zulu-src\hotspot\src\share\vm\prims\jni.c

Events (10 events):
Event: 343.204 Executing VM operation: GetCurrentContendedMonitor done
Event: 343.204 Executing VM operation: GetOwnedMonitorInfo
Event: 343.204 Executing VM operation: GetOwnedMonitorInfo done
Event: 343.204 Executing VM operation: GetCurrentContendedMonitor
Event: 343.204 Executing VM operation: GetCurrentContendedMonitor done
Event: 343.204 Executing VM operation: GetCurrentContendedMonitor
Event: 343.204 Executing VM operation: GetCurrentContendedMonitor done
Event: 343.204 Executing VM operation: GetOwnedMonitorInfo
Event: 343.204 Executing VM operation: GetOwnedMonitorInfo done
Event: 343.633 Executing VM operation: GetOrSetLocal


Dynamic libraries:
0x00007ff7eb3a0000 - 0x00007ff7eb3d5000 	C:\Program Files\Zulu\zulu-8\bin\javaw.exe
0x00007ffb23730000 - 0x00007ffb23928000 	C:\WINDOWS\SYSTEM32\ntdll.dll
0x00007ffb21f60000 - 0x00007ffb2201d000 	C:\WINDOWS\System32\KERNEL32.DLL
0x00007ffb21490000 - 0x00007ffb21786000 	C:\WINDOWS\System32\KERNELBASE.dll
0x00007ffb22c70000 - 0x00007ffb22d1e000 	C:\WINDOWS\System32\ADVAPI32.dll
0x00007ffb22380000 - 0x00007ffb2241e000 	C:\WINDOWS\System32\msvcrt.dll
0x00007ffb22250000 - 0x00007ffb222ec000 	C:\WINDOWS\System32\sechost.dll
0x00007ffb22d90000 - 0x00007ffb22eb6000 	C:\WINDOWS\System32\RPCRT4.dll
0x00007ffb22050000 - 0x00007ffb221ee000 	C:\WINDOWS\System32\USER32.dll
0x00007ffb21090000 - 0x00007ffb210b2000 	C:\WINDOWS\System32\win32u.dll
0x00007ffb22020000 - 0x00007ffb2204c000 	C:\WINDOWS\System32\GDI32.dll
0x00007ffb210c0000 - 0x00007ffb211da000 	C:\WINDOWS\System32\gdi32full.dll
0x00007ffb20e10000 - 0x00007ffb20ead000 	C:\WINDOWS\System32\msvcp_win.dll
0x00007ffb21230000 - 0x00007ffb21330000 	C:\WINDOWS\System32\ucrtbase.dll
0x00007ffb0f390000 - 0x00007ffb0f62a000 	C:\WINDOWS\WinSxS\amd64_microsoft.windows.common-controls_6595b64144ccf1df_6.0.19041.1110_none_60b5254171f9507e\COMCTL32.dll
0x00007ffb22ff0000 - 0x00007ffb23020000 	C:\WINDOWS\System32\IMM32.DLL
0x0000000073ea0000 - 0x0000000073f72000 	C:\Program Files\Zulu\zulu-8\jre\bin\msvcr100.dll
0x0000000073650000 - 0x0000000073e9a000 	C:\Program Files\Zulu\zulu-8\jre\bin\server\jvm.dll
0x00007ffb22370000 - 0x00007ffb22378000 	C:\WINDOWS\System32\PSAPI.DLL
0x00007ffb18330000 - 0x00007ffb1833a000 	C:\WINDOWS\SYSTEM32\VERSION.dll
0x00007ffb1eab0000 - 0x00007ffb1ead7000 	C:\WINDOWS\SYSTEM32\WINMM.dll
0x00007ffafb160000 - 0x00007ffafb169000 	C:\WINDOWS\SYSTEM32\WSOCK32.dll
0x00007ffb22c00000 - 0x00007ffb22c6b000 	C:\WINDOWS\System32\WS2_32.dll
0x00007ffb1b1f0000 - 0x00007ffb1b1ff000 	C:\Program Files\Zulu\zulu-8\jre\bin\verify.dll
0x00007ffb042c0000 - 0x00007ffb042e9000 	C:\Program Files\Zulu\zulu-8\jre\bin\java.dll
0x00007ffb03f40000 - 0x00007ffb03f75000 	C:\Program Files\Zulu\zulu-8\jre\bin\jdwp.dll
0x00007ffb12b70000 - 0x00007ffb12b78000 	C:\Program Files\Zulu\zulu-8\jre\bin\npt.dll
0x00007ffb04290000 - 0x00007ffb042b3000 	C:\Program Files\Zulu\zulu-8\jre\bin\instrument.dll
0x00007ffb04450000 - 0x00007ffb04466000 	C:\Program Files\Zulu\zulu-8\jre\bin\zip.dll
0x00007ffb22420000 - 0x00007ffb22b65000 	C:\WINDOWS\System32\SHELL32.dll
0x00007ffb1ee80000 - 0x00007ffb1f61b000 	C:\WINDOWS\SYSTEM32\windows.storage.dll
0x00007ffb21790000 - 0x00007ffb21ae4000 	C:\WINDOWS\System32\combase.dll
0x00007ffb20850000 - 0x00007ffb2087e000 	C:\WINDOWS\SYSTEM32\Wldp.dll
0x00007ffb231c0000 - 0x00007ffb2326d000 	C:\WINDOWS\System32\SHCORE.dll
0x00007ffb23690000 - 0x00007ffb236e5000 	C:\WINDOWS\System32\shlwapi.dll
0x00007ffb20d40000 - 0x00007ffb20d65000 	C:\WINDOWS\SYSTEM32\profapi.dll
0x00007ffb10be0000 - 0x00007ffb10be9000 	C:\Program Files\Zulu\zulu-8\jre\bin\dt_socket.dll
0x00007ffb07ec0000 - 0x00007ffb07ed7000 	C:\WINDOWS\system32\napinsp.dll
0x00007ffb07ea0000 - 0x00007ffb07ebb000 	C:\WINDOWS\system32\pnrpnsp.dll
0x00007ffb1bc30000 - 0x00007ffb1bc45000 	C:\WINDOWS\system32\wshbth.dll
0x00007ffb1c260000 - 0x00007ffb1c27d000 	C:\WINDOWS\system32\NLAapi.dll
0x00007ffb20250000 - 0x00007ffb2028b000 	C:\WINDOWS\SYSTEM32\IPHLPAPI.DLL
0x00007ffb205b0000 - 0x00007ffb2061a000 	C:\WINDOWS\System32\mswsock.dll
0x00007ffb20290000 - 0x00007ffb2035a000 	C:\WINDOWS\SYSTEM32\DNSAPI.dll
0x00007ffb22d20000 - 0x00007ffb22d28000 	C:\WINDOWS\System32\NSI.dll
0x00007ffb07e80000 - 0x00007ffb07e92000 	C:\WINDOWS\System32\winrnr.dll
0x00007ffb19230000 - 0x00007ffb192b2000 	C:\WINDOWS\System32\fwpuclnt.dll
0x00007ffb21060000 - 0x00007ffb21087000 	C:\WINDOWS\System32\bcrypt.dll
0x00007ffb1a120000 - 0x00007ffb1a12a000 	C:\Windows\System32\rasadhlp.dll
0x00007ffb1e8c0000 - 0x00007ffb1eaa4000 	C:\WINDOWS\SYSTEM32\dbghelp.dll
0x00007ffb20eb0000 - 0x00007ffb20f32000 	C:\WINDOWS\System32\bcryptPrimitives.dll

VM Arguments:
jvm_args: -agentlib:jdwp=transport=dt_socket,suspend=y,address=localhost:50645 -javaagent:C:\Users\shjung\.eclipse\org.eclipse.platform_4.9.0_1709980481_win32_win32_x86_64\configuration\org.eclipse.osgi\419\0\.cp\lib\javaagent-shaded.jar -Dfile.encoding=UTF-8 
java_command: ºˆøµ¥Î»∏∞·Ω¬¿¸.Solution
java_class_path (initial): C:\Users\shjung\eclipse-workspace\algorithm_study\out\production\Solution;C:\Users\shjung\.eclipse\org.eclipse.platform_4.9.0_1709980481_win32_win32_x86_64\configuration\org.eclipse.osgi\419\0\.cp\lib\javaagent-shaded.jar
Launcher Type: SUN_STANDARD

Environment Variables:
JAVA_HOME=C:\Program Files (x86)\Java\jdk-11.0.17
CLASSPATH=C:\Program Files (x86)\Java\jdk-11.0.17\lib
PATH=C:\Program Files\Zulu\zulu-8\jre\bin;C:/Program Files (x86)/Java/jdk-11.0.17/bin/server;C:/Program Files (x86)/Java/jdk-11.0.17/bin;C:\WINDOWS\system32;C:\WINDOWS;C:\WINDOWS\System32\Wbem;C:\WINDOWS\System32\WindowsPowerShell\v1.0\;C:\WINDOWS\System32\OpenSSH\;C:\Program Files\dotnet\;C:\Program Files\Git\cmd;C:\Program Files (x86)\NVIDIA Corporation\PhysX\Common;C:\Program Files (x86)\Java\jdk-11.0.17\bin;C:\Ruby32-x64\bin;C:\Program Files\Zulu\zulu-8\bin\;C:\Program Files\Bandizip\;C:\Ruby32-x64\bin;C:\Users\shjung\AppData\Local\Microsoft\WindowsApps;C:\Users\shjung\AppData\Local\afreeca;C:\Users\shjung\AppData\Local\Programs\Microsoft VS Code\bin;C:\Users\shjung\Desktop;
USERNAME=shjung
OS=Windows_NT
PROCESSOR_IDENTIFIER=AMD64 Family 25 Model 80 Stepping 0, AuthenticAMD



---------------  S Y S T E M  ---------------

OS: Windows 10.0 , 64 bit Build 19041 (10.0.19041.3393)

CPU:total 16 (initial active 16) (16 cores per cpu, 1 threads per core) family 25 model 80 stepping 0, cmov, cx8, fxsr, mmx, sse, sse2, sse3, ssse3, sse4.1, sse4.2, popcnt, avx, avx2, aes, clmul, erms, mmxext, 3dnowpref, lzcnt, sse4a, tsc, tscinvbit, tscinv, bmi1

Memory: 4k page, physical 16153892k(9212088k free), swap 23756068k(13900328k free)

vm_info: OpenJDK 64-Bit Server VM (25.192-b01) for windows-amd64 JRE (1.8.0_192-b01), built on Oct 17 2018 09:53:48 by "tester" with MS VC++ 10.0 (VS2010)

time: Tue Sep 19 19:19:54 2023
timezone: ¥Î«—πŒ±π «•¡ÿΩ√
elapsed time: 343 seconds (0d 0h 5m 43s)

